Args in experiment:
Namespace(activation='gelu', anomaly_ratio=0.25, batch_size=64, c_out=21, checkpoints='./checkpoints/', d_ff=2048, d_layers=1, d_model=512, data='custom', data_path='weather.csv', dec_in=21, des='Exp', devices='0,1,2,3', distil=True, dropout=0.1, e_layers=2, embed='timeF', enc_in=21, factor=3, features='M', freq='h', gpu=0, head_dropout=0.0, is_training=1, itr=1, label_len=48, learning_rate=0.0001, loss='MSE', lradj='type1', mask_rate=0.25, model='MyformerV2', model_id='weather_96_96', moving_avg=25, multi_moving_avg=[13, 17, 21, 25, 29, 31], n_heads=4, num_kernels=6, num_workers=10, output_attention=False, p_hidden_dims=[128, 128], p_hidden_layers=2, patch_len=16, patience=3, pred_len=96, root_path='./dataset/weather/', seasonal_patterns='Monthly', seq_len=96, show_model=False, stride=8, target='OT', task_name='long_term_forecast', top_k=5, train_epochs=10, use_amp=False, use_gpu=True, use_multi_gpu=False)
Use GPU: cuda:0
>>>>>>>start training : long_term_forecast_weather_96_96_MyformerV2_custom_ftM_sl96_ll48_pl96_dm512_nh4_el2_dl1_df2048_fc3_ebtimeF_dtTrue_Exp_0>>>>>>>>>>>>>>>>>>>>>>>>>>
train 36696
val 5175
test 10444
	iters: 100, epoch: 1 | loss: 0.6588374
	speed: 0.2309s/iter; left time: 1299.9219s
	iters: 200, epoch: 1 | loss: 0.4981403
	speed: 0.1963s/iter; left time: 1085.5404s
	iters: 300, epoch: 1 | loss: 0.4100118
	speed: 0.2005s/iter; left time: 1089.1176s
	iters: 400, epoch: 1 | loss: 0.4216028
	speed: 0.2045s/iter; left time: 1090.2442s
	iters: 500, epoch: 1 | loss: 0.4896526
	speed: 0.2437s/iter; left time: 1274.5963s
Epoch: 1 cost time: 125.55638360977173
Epoch: 1, Steps: 573 | Train Loss: 0.5333842 Vali Loss: 0.4561762 Test Loss: 0.1932391
Validation loss decreased (inf --> 0.456176).  Saving model ...
Updating learning rate to 0.0001
	iters: 100, epoch: 2 | loss: 0.4882226
	speed: 1.3894s/iter; left time: 7027.4907s
	iters: 200, epoch: 2 | loss: 0.3949738
	speed: 0.2065s/iter; left time: 1023.5808s
	iters: 300, epoch: 2 | loss: 0.3977272
	speed: 0.2084s/iter; left time: 1012.5903s
	iters: 400, epoch: 2 | loss: 0.4249872
	speed: 0.2100s/iter; left time: 999.3343s
	iters: 500, epoch: 2 | loss: 0.4014612
	speed: 0.2350s/iter; left time: 1094.5621s
Epoch: 2 cost time: 125.17902946472168
Epoch: 2, Steps: 573 | Train Loss: 0.4973187 Vali Loss: 0.4561552 Test Loss: 0.1892983
Validation loss decreased (0.456176 --> 0.456155).  Saving model ...
Updating learning rate to 5e-05
	iters: 100, epoch: 3 | loss: 0.4516852
	speed: 1.4092s/iter; left time: 6320.2489s
	iters: 200, epoch: 3 | loss: 0.3758921
	speed: 0.2049s/iter; left time: 898.3921s
	iters: 300, epoch: 3 | loss: 0.3576264
	speed: 0.2054s/iter; left time: 880.1553s
	iters: 400, epoch: 3 | loss: 0.5300031
	speed: 0.2074s/iter; left time: 868.1489s
	iters: 500, epoch: 3 | loss: 0.3617719
	speed: 0.2250s/iter; left time: 918.9572s
Epoch: 3 cost time: 123.59286904335022
Epoch: 3, Steps: 573 | Train Loss: 0.4786060 Vali Loss: 0.4331231 Test Loss: 0.1816019
Validation loss decreased (0.456155 --> 0.433123).  Saving model ...
Updating learning rate to 2.5e-05
	iters: 100, epoch: 4 | loss: 0.4227055
	speed: 1.4142s/iter; left time: 5532.4012s
	iters: 200, epoch: 4 | loss: 1.0999795
	speed: 0.2024s/iter; left time: 771.5988s
	iters: 300, epoch: 4 | loss: 0.4741595
	speed: 0.2041s/iter; left time: 757.7893s
	iters: 400, epoch: 4 | loss: 0.8260250
	speed: 0.2051s/iter; left time: 740.6454s
	iters: 500, epoch: 4 | loss: 0.8362151
	speed: 0.2005s/iter; left time: 704.0332s
Epoch: 4 cost time: 122.32273459434509
Epoch: 4, Steps: 573 | Train Loss: 0.4687428 Vali Loss: 0.4201100 Test Loss: 0.1742065
Validation loss decreased (0.433123 --> 0.420110).  Saving model ...
Updating learning rate to 1.25e-05
	iters: 100, epoch: 5 | loss: 0.3187653
	speed: 1.4419s/iter; left time: 4814.4052s
	iters: 200, epoch: 5 | loss: 0.6477543
	speed: 0.2668s/iter; left time: 864.1046s
	iters: 300, epoch: 5 | loss: 0.7079270
	speed: 0.2161s/iter; left time: 678.3661s
	iters: 400, epoch: 5 | loss: 0.3341794
	speed: 0.2139s/iter; left time: 650.1874s
	iters: 500, epoch: 5 | loss: 0.3649372
	speed: 0.2089s/iter; left time: 614.0452s
Epoch: 5 cost time: 134.40408205986023
Epoch: 5, Steps: 573 | Train Loss: 0.4635352 Vali Loss: 0.4173170 Test Loss: 0.1734145
Validation loss decreased (0.420110 --> 0.417317).  Saving model ...
Updating learning rate to 6.25e-06
	iters: 100, epoch: 6 | loss: 0.4676958
	speed: 1.4310s/iter; left time: 3958.2839s
	iters: 200, epoch: 6 | loss: 0.5051347
	speed: 0.2541s/iter; left time: 677.4371s
	iters: 300, epoch: 6 | loss: 0.8880019
	speed: 0.2214s/iter; left time: 568.0895s
	iters: 400, epoch: 6 | loss: 0.4195189
	speed: 0.2229s/iter; left time: 549.5815s
	iters: 500, epoch: 6 | loss: 0.3624669
	speed: 0.2232s/iter; left time: 527.9952s
Epoch: 6 cost time: 134.95317959785461
Epoch: 6, Steps: 573 | Train Loss: 0.4607550 Vali Loss: 0.4156357 Test Loss: 0.1708442
Validation loss decreased (0.417317 --> 0.415636).  Saving model ...
Updating learning rate to 3.125e-06
	iters: 100, epoch: 7 | loss: 0.3583885
	speed: 1.4568s/iter; left time: 3194.7318s
	iters: 200, epoch: 7 | loss: 0.3004240
	speed: 0.3008s/iter; left time: 629.5414s
	iters: 300, epoch: 7 | loss: 0.4604709
	speed: 0.2435s/iter; left time: 485.2923s
	iters: 400, epoch: 7 | loss: 0.4585401
	speed: 0.2329s/iter; left time: 440.9578s
	iters: 500, epoch: 7 | loss: 0.4355418
	speed: 0.2296s/iter; left time: 411.6990s
Epoch: 7 cost time: 146.2686562538147
Epoch: 7, Steps: 573 | Train Loss: 0.4594135 Vali Loss: 0.4138136 Test Loss: 0.1715883
Validation loss decreased (0.415636 --> 0.413814).  Saving model ...
Updating learning rate to 1.5625e-06
	iters: 100, epoch: 8 | loss: 0.8711572
	speed: 1.4585s/iter; left time: 2362.7426s
	iters: 200, epoch: 8 | loss: 0.4596745
	speed: 0.2666s/iter; left time: 405.2486s
	iters: 300, epoch: 8 | loss: 0.4885065
	speed: 0.2571s/iter; left time: 365.1472s
	iters: 400, epoch: 8 | loss: 0.3962485
	speed: 0.2275s/iter; left time: 300.3171s
	iters: 500, epoch: 8 | loss: 0.2714276
	speed: 0.2222s/iter; left time: 271.1241s
Epoch: 8 cost time: 141.11912369728088
Epoch: 8, Steps: 573 | Train Loss: 0.4586029 Vali Loss: 0.4137002 Test Loss: 0.1704888
Validation loss decreased (0.413814 --> 0.413700).  Saving model ...
Updating learning rate to 7.8125e-07
	iters: 100, epoch: 9 | loss: 0.4539507
	speed: 1.3866s/iter; left time: 1451.7888s
	iters: 200, epoch: 9 | loss: 0.3420234
	speed: 0.2543s/iter; left time: 240.8599s
	iters: 300, epoch: 9 | loss: 0.4298390
	speed: 0.2572s/iter; left time: 217.8158s
	iters: 400, epoch: 9 | loss: 0.3989800
	speed: 0.2242s/iter; left time: 167.5012s
	iters: 500, epoch: 9 | loss: 0.8412118
	speed: 0.2222s/iter; left time: 143.7725s
Epoch: 9 cost time: 138.67861819267273
Epoch: 9, Steps: 573 | Train Loss: 0.4581966 Vali Loss: 0.4161107 Test Loss: 0.1708394
EarlyStopping counter: 1 out of 3
Updating learning rate to 3.90625e-07
	iters: 100, epoch: 10 | loss: 0.3961969
	speed: 1.4300s/iter; left time: 677.8208s
	iters: 200, epoch: 10 | loss: 0.3506497
	speed: 0.2484s/iter; left time: 92.9196s
	iters: 300, epoch: 10 | loss: 0.3760138
	speed: 0.2564s/iter; left time: 70.2457s
	iters: 400, epoch: 10 | loss: 0.5195342
	speed: 0.2111s/iter; left time: 36.7376s
	iters: 500, epoch: 10 | loss: 0.9477233
	speed: 0.2086s/iter; left time: 15.4336s
Epoch: 10 cost time: 133.9355502128601
Epoch: 10, Steps: 573 | Train Loss: 0.4577893 Vali Loss: 0.4126791 Test Loss: 0.1704558
Validation loss decreased (0.413700 --> 0.412679).  Saving model ...
Updating learning rate to 1.953125e-07
>>>>>>>testing : long_term_forecast_weather_96_96_MyformerV2_custom_ftM_sl96_ll48_pl96_dm512_nh4_el2_dl1_df2048_fc3_ebtimeF_dtTrue_Exp_0<<<<<<<<<<<<<<<<<<<<<<<<<<<<<<<<<
test 10444
test shape: (10444, 1, 96, 21) (10444, 1, 96, 21)
test shape: (10444, 96, 21) (10444, 96, 21)
mse:0.17045578360557556, mae:0.21582220494747162
