Args in experiment:
Namespace(activation='gelu', anomaly_ratio=0.25, batch_size=128, c_out=21, checkpoints='./checkpoints/', d_ff=2048, d_layers=1, d_model=512, data='custom', data_path='weather.csv', dec_in=21, des='Exp', devices='0,1,2,3', distil=True, dropout=0.1, e_layers=2, embed='timeF', enc_in=21, factor=3, features='M', freq='h', gpu=0, head_dropout=0.0, is_training=1, itr=1, label_len=48, learning_rate=0.0001, loss='MSE', lradj='type1', mask_rate=0.25, model='MyformerV2', model_id='weather_96_96', moving_avg=25, multi_moving_avg=[13, 17, 21, 25, 29, 31], n_heads=4, num_kernels=6, num_workers=10, output_attention=False, p_hidden_dims=[128, 128], p_hidden_layers=2, patch_len=16, patience=3, pred_len=96, root_path='./dataset/weather/', seasonal_patterns='Monthly', seq_len=96, show_model=False, stride=8, target='OT', task_name='long_term_forecast', top_k=5, train_epochs=10, use_amp=False, use_gpu=True, use_multi_gpu=False)
Use GPU: cuda:0
>>>>>>>start training : long_term_forecast_weather_96_96_MyformerV2_custom_ftM_sl96_ll48_pl96_dm512_nh4_el2_dl1_df2048_fc3_ebtimeF_dtTrue_Exp_0>>>>>>>>>>>>>>>>>>>>>>>>>>
train 36696
val 5175
test 10444
	iters: 100, epoch: 1 | loss: 0.4392749
	speed: 0.1675s/iter; left time: 462.5015s
	iters: 200, epoch: 1 | loss: 0.4720030
	speed: 0.1317s/iter; left time: 350.5730s
Epoch: 1 cost time: 41.13914704322815
Epoch: 1, Steps: 286 | Train Loss: 0.5693563 Vali Loss: 0.4727822 Test Loss: 0.1933049
Validation loss decreased (inf --> 0.472782).  Saving model ...
Updating learning rate to 0.0001
	iters: 100, epoch: 2 | loss: 0.4393176
	speed: 0.9727s/iter; left time: 2407.5102s
	iters: 200, epoch: 2 | loss: 0.3685500
	speed: 0.1290s/iter; left time: 306.4326s
Epoch: 2 cost time: 38.190621852874756
Epoch: 2, Steps: 286 | Train Loss: 0.4992165 Vali Loss: 0.4669092 Test Loss: 0.1917667
Validation loss decreased (0.472782 --> 0.466909).  Saving model ...
Updating learning rate to 5e-05
	iters: 100, epoch: 3 | loss: 0.3996839
	speed: 0.9585s/iter; left time: 2098.2380s
	iters: 200, epoch: 3 | loss: 0.3345593
	speed: 0.1286s/iter; left time: 268.6176s
Epoch: 3 cost time: 37.97138047218323
Epoch: 3, Steps: 286 | Train Loss: 0.4868642 Vali Loss: 0.4529507 Test Loss: 0.1892504
Validation loss decreased (0.466909 --> 0.452951).  Saving model ...
Updating learning rate to 2.5e-05
	iters: 100, epoch: 4 | loss: 0.7048907
	speed: 0.9736s/iter; left time: 1852.6954s
	iters: 200, epoch: 4 | loss: 0.3316151
	speed: 0.1283s/iter; left time: 231.3815s
Epoch: 4 cost time: 37.88930153846741
Epoch: 4, Steps: 286 | Train Loss: 0.4809578 Vali Loss: 0.4546253 Test Loss: 0.1901564
EarlyStopping counter: 1 out of 3
Updating learning rate to 1.25e-05
	iters: 100, epoch: 5 | loss: 0.9240758
	speed: 0.9716s/iter; left time: 1571.1530s
	iters: 200, epoch: 5 | loss: 0.4055891
	speed: 0.1274s/iter; left time: 193.2835s
Epoch: 5 cost time: 38.54752254486084
Epoch: 5, Steps: 286 | Train Loss: 0.4781601 Vali Loss: 0.4550642 Test Loss: 0.1907745
EarlyStopping counter: 2 out of 3
Updating learning rate to 6.25e-06
	iters: 100, epoch: 6 | loss: 0.3713774
	speed: 0.9563s/iter; left time: 1272.8415s
	iters: 200, epoch: 6 | loss: 0.6401926
	speed: 0.1261s/iter; left time: 155.2318s
Epoch: 6 cost time: 37.62475323677063
Epoch: 6, Steps: 286 | Train Loss: 0.4769765 Vali Loss: 0.4530129 Test Loss: 0.1899561
EarlyStopping counter: 3 out of 3
Early stopping
>>>>>>>testing : long_term_forecast_weather_96_96_MyformerV2_custom_ftM_sl96_ll48_pl96_dm512_nh4_el2_dl1_df2048_fc3_ebtimeF_dtTrue_Exp_0<<<<<<<<<<<<<<<<<<<<<<<<<<<<<<<<<
test 10444
test shape: (10444, 1, 96, 21) (10444, 1, 96, 21)
test shape: (10444, 96, 21) (10444, 96, 21)
mse:0.18925036489963531, mae:0.22811314463615417
