Args in experiment:
Namespace(task_name='long_term_forecast', is_training=1, model_id='weather_96_720', model='PatchTST', data='custom', root_path='./dataset/weather/', data_path='weather.csv', features='M', target='OT', freq='h', checkpoints='./checkpoints/', seq_len=96, label_len=48, pred_len=720, seasonal_patterns='Monthly', mask_rate=0.25, anomaly_ratio=0.25, top_k=5, num_kernels=6, enc_in=21, dec_in=21, c_out=21, d_model=512, n_heads=4, e_layers=2, d_layers=1, d_ff=2048, moving_avg=25, multi_moving_avg=[13, 17, 21, 25, 29, 31], factor=3, distil=True, dropout=0.1, embed='timeF', activation='gelu', output_attention=False, num_workers=10, itr=1, train_epochs=3, batch_size=128, patience=3, learning_rate=0.0001, des='Exp', loss='MSE', lradj='type1', use_amp=False, use_gpu=True, gpu=0, use_multi_gpu=False, devices='0,1,2,3', p_hidden_dims=[128, 128], p_hidden_layers=2, head_dropout=0.0, patch_len=16, stride=8, show_model=False)
Use GPU: cuda:0
>>>>>>>start training : long_term_forecast_weather_96_720_PatchTST_custom_ftM_sl96_ll48_pl720_dm512_nh4_el2_dl1_df2048_fc3_ebtimeF_dtTrue_Exp_0>>>>>>>>>>>>>>>>>>>>>>>>>>
train 36072
val 4551
test 9820
	iters: 100, epoch: 1 | loss: 0.6403340
	speed: 0.5917s/iter; left time: 440.2397s
	iters: 200, epoch: 1 | loss: 0.7607920
	speed: 0.5377s/iter; left time: 346.2845s
Epoch: 1 cost time: 156.59961247444153
Epoch: 1, Steps: 281 | Train Loss: 0.7330398 Vali Loss: 0.7312831 Test Loss: 0.3594841
Validation loss decreased (inf --> 0.731283).  Saving model ...
Updating learning rate to 0.0001
	iters: 100, epoch: 2 | loss: 0.7876757
	speed: 1.4871s/iter; left time: 688.5270s
	iters: 200, epoch: 2 | loss: 0.6193669
	speed: 0.5335s/iter; left time: 193.6443s
Epoch: 2 cost time: 150.35290908813477
Epoch: 2, Steps: 281 | Train Loss: 0.7042010 Vali Loss: 0.7306575 Test Loss: 0.3584535
Validation loss decreased (0.731283 --> 0.730658).  Saving model ...
Updating learning rate to 5e-05
	iters: 100, epoch: 3 | loss: 0.7264846
	speed: 1.5738s/iter; left time: 286.4238s
	iters: 200, epoch: 3 | loss: 0.7103459
	speed: 0.5359s/iter; left time: 43.9408s
Epoch: 3 cost time: 150.9447820186615
Epoch: 3, Steps: 281 | Train Loss: 0.6937630 Vali Loss: 0.7247458 Test Loss: 0.3561108
Validation loss decreased (0.730658 --> 0.724746).  Saving model ...
Updating learning rate to 2.5e-05
>>>>>>>testing : long_term_forecast_weather_96_720_PatchTST_custom_ftM_sl96_ll48_pl720_dm512_nh4_el2_dl1_df2048_fc3_ebtimeF_dtTrue_Exp_0<<<<<<<<<<<<<<<<<<<<<<<<<<<<<<<<<
test 9820
