Args in experiment:
Namespace(activation='gelu', anomaly_ratio=0.25, batch_size=64, c_out=7, checkpoints='./checkpoints/', d_ff=2048, d_layers=1, d_model=512, data='custom', data_path='national_illness.csv', dec_in=7, des='Exp', devices='0,1,2,3', distil=True, dropout=0.1, e_layers=2, embed='timeF', enc_in=7, factor=3, features='M', freq='h', gpu=0, head_dropout=0.0, is_training=1, itr=1, label_len=18, learning_rate=0.0001, loss='MSE', lradj='type1', mask_rate=0.25, model='MyformerV2', model_id='36_24', moving_avg=25, multi_moving_avg=[13, 17, 21, 25, 29, 31], n_heads=4, num_kernels=6, num_workers=10, output_attention=False, p_hidden_dims=[128, 128], p_hidden_layers=2, patch_len=16, patience=3, pred_len=24, root_path='./dataset/illness/', seasonal_patterns='Monthly', seq_len=36, show_model=False, stride=8, target='OT', task_name='long_term_forecast', top_k=5, train_epochs=10, use_amp=False, use_gpu=True, use_multi_gpu=False)
Use GPU: cuda:0
>>>>>>>start training : long_term_forecast_36_24_MyformerV2_custom_ftM_sl36_ll18_pl24_dm512_nh4_el2_dl1_df2048_fc3_ebtimeF_dtTrue_Exp_0>>>>>>>>>>>>>>>>>>>>>>>>>>
train 617
val 74
test 170
Epoch: 1 cost time: 4.838888883590698
Epoch: 1, Steps: 9 | Train Loss: 0.9621352 Vali Loss: 0.4174772 Test Loss: 2.9517357
Validation loss decreased (inf --> 0.417477).  Saving model ...
Updating learning rate to 0.0001
Epoch: 2 cost time: 2.427046537399292
Epoch: 2, Steps: 9 | Train Loss: 0.7853619 Vali Loss: 0.4500265 Test Loss: 2.7117727
EarlyStopping counter: 1 out of 3
Updating learning rate to 5e-05
Epoch: 3 cost time: 2.425903797149658
Epoch: 3, Steps: 9 | Train Loss: 0.7155351 Vali Loss: 0.4068502 Test Loss: 2.6172109
Validation loss decreased (0.417477 --> 0.406850).  Saving model ...
Updating learning rate to 2.5e-05
Epoch: 4 cost time: 2.526054859161377
Epoch: 4, Steps: 9 | Train Loss: 0.6787650 Vali Loss: 0.3865503 Test Loss: 2.5462270
Validation loss decreased (0.406850 --> 0.386550).  Saving model ...
Updating learning rate to 1.25e-05
Epoch: 5 cost time: 2.623934745788574
Epoch: 5, Steps: 9 | Train Loss: 0.6834306 Vali Loss: 0.3670321 Test Loss: 2.5214803
Validation loss decreased (0.386550 --> 0.367032).  Saving model ...
Updating learning rate to 6.25e-06
Epoch: 6 cost time: 2.36662220954895
Epoch: 6, Steps: 9 | Train Loss: 0.6772976 Vali Loss: 0.3678325 Test Loss: 2.5145085
EarlyStopping counter: 1 out of 3
Updating learning rate to 3.125e-06
Epoch: 7 cost time: 2.5070369243621826
Epoch: 7, Steps: 9 | Train Loss: 0.6636718 Vali Loss: 0.3761159 Test Loss: 2.5118165
EarlyStopping counter: 2 out of 3
Updating learning rate to 1.5625e-06
Epoch: 8 cost time: 2.3771729469299316
Epoch: 8, Steps: 9 | Train Loss: 0.6700660 Vali Loss: 0.3817308 Test Loss: 2.5109024
EarlyStopping counter: 3 out of 3
Early stopping
>>>>>>>testing : long_term_forecast_36_24_MyformerV2_custom_ftM_sl36_ll18_pl24_dm512_nh4_el2_dl1_df2048_fc3_ebtimeF_dtTrue_Exp_0<<<<<<<<<<<<<<<<<<<<<<<<<<<<<<<<<
test 170
test shape: (170, 1, 24, 7) (170, 1, 24, 7)
test shape: (170, 24, 7) (170, 24, 7)
mse:2.5214805603027344, mae:1.0197571516036987
