Args in experiment:
Namespace(activation='gelu', anomaly_ratio=0.25, batch_size=64, c_out=7, checkpoints='./checkpoints/', d_ff=2048, d_layers=1, d_model=512, data='custom', data_path='ETTh2.csv', dec_in=7, des='Exp', devices='0,1,2,3', distil=True, dropout=0.1, e_layers=2, embed='timeF', enc_in=7, factor=3, features='M', freq='h', gpu=0, head_dropout=0.0, is_training=1, itr=1, label_len=48, learning_rate=0.0001, loss='MSE', lradj='type1', mask_rate=0.25, model='MyformerV2', model_id='96_192', moving_avg=25, multi_moving_avg=[13, 17, 21, 25, 29, 31], n_heads=4, num_kernels=6, num_workers=10, output_attention=False, p_hidden_dims=[128, 128], p_hidden_layers=2, patch_len=16, patience=3, pred_len=192, root_path='./dataset/ETT-small/', seasonal_patterns='Monthly', seq_len=96, show_model=False, stride=8, target='OT', task_name='long_term_forecast', top_k=5, train_epochs=10, use_amp=False, use_gpu=True, use_multi_gpu=False)
Use GPU: cuda:0
>>>>>>>start training : long_term_forecast_96_192_MyformerV2_custom_ftM_sl96_ll48_pl192_dm512_nh4_el2_dl1_df2048_fc3_ebtimeF_dtTrue_Exp_0>>>>>>>>>>>>>>>>>>>>>>>>>>
train 11907
val 1551
test 3293
	iters: 100, epoch: 1 | loss: 0.5546243
	speed: 1.1630s/iter; left time: 2048.0162s
Epoch: 1 cost time: 180.82852172851562
Epoch: 1, Steps: 186 | Train Loss: 0.4083097 Vali Loss: 0.3330053 Test Loss: 0.2262993
Validation loss decreased (inf --> 0.333005).  Saving model ...
Updating learning rate to 0.0001
	iters: 100, epoch: 2 | loss: 0.4539421
	speed: 2.9844s/iter; left time: 4700.4650s
Epoch: 2 cost time: 243.55128026008606
Epoch: 2, Steps: 186 | Train Loss: 0.3904135 Vali Loss: 0.3398819 Test Loss: 0.2290949
EarlyStopping counter: 1 out of 3
Updating learning rate to 5e-05
	iters: 100, epoch: 3 | loss: 0.3553411
	speed: 3.1381s/iter; left time: 4358.8273s
Epoch: 3 cost time: 252.35665917396545
Epoch: 3, Steps: 186 | Train Loss: 0.3778707 Vali Loss: 0.3297895 Test Loss: 0.2265880
Validation loss decreased (0.333005 --> 0.329790).  Saving model ...
Updating learning rate to 2.5e-05
	iters: 100, epoch: 4 | loss: 0.4751162
	speed: 3.6461s/iter; left time: 4386.2519s
Epoch: 4 cost time: 222.16580414772034
Epoch: 4, Steps: 186 | Train Loss: 0.3700149 Vali Loss: 0.3300643 Test Loss: 0.2262049
EarlyStopping counter: 1 out of 3
Updating learning rate to 1.25e-05
	iters: 100, epoch: 5 | loss: 0.2534080
	speed: 2.6647s/iter; left time: 2710.0284s
Epoch: 5 cost time: 189.28275346755981
Epoch: 5, Steps: 186 | Train Loss: 0.3658225 Vali Loss: 0.3289884 Test Loss: 0.2226972
Validation loss decreased (0.329790 --> 0.328988).  Saving model ...
Updating learning rate to 6.25e-06
	iters: 100, epoch: 6 | loss: 0.3802923
	speed: 3.3791s/iter; left time: 2808.0186s
Epoch: 6 cost time: 260.0048415660858
Epoch: 6, Steps: 186 | Train Loss: 0.3639303 Vali Loss: 0.3261209 Test Loss: 0.2234902
Validation loss decreased (0.328988 --> 0.326121).  Saving model ...
Updating learning rate to 3.125e-06
	iters: 100, epoch: 7 | loss: 0.3397819
	speed: 3.7056s/iter; left time: 2390.0982s
Epoch: 7 cost time: 260.21977066993713
Epoch: 7, Steps: 186 | Train Loss: 0.3629197 Vali Loss: 0.3272532 Test Loss: 0.2242044
EarlyStopping counter: 1 out of 3
Updating learning rate to 1.5625e-06
	iters: 100, epoch: 8 | loss: 0.2962091
	speed: 3.3507s/iter; left time: 1537.9829s
Epoch: 8 cost time: 194.30889201164246
Epoch: 8, Steps: 186 | Train Loss: 0.3622300 Vali Loss: 0.3293155 Test Loss: 0.2242791
EarlyStopping counter: 2 out of 3
Updating learning rate to 7.8125e-07
	iters: 100, epoch: 9 | loss: 0.3748642
	speed: 2.6473s/iter; left time: 722.7111s
Epoch: 9 cost time: 200.99715375900269
Epoch: 9, Steps: 186 | Train Loss: 0.3612882 Vali Loss: 0.3285826 Test Loss: 0.2242760
EarlyStopping counter: 3 out of 3
Early stopping
>>>>>>>testing : long_term_forecast_96_192_MyformerV2_custom_ftM_sl96_ll48_pl192_dm512_nh4_el2_dl1_df2048_fc3_ebtimeF_dtTrue_Exp_0<<<<<<<<<<<<<<<<<<<<<<<<<<<<<<<<<
test 3293
test shape: (3293, 1, 192, 7) (3293, 1, 192, 7)
test shape: (3293, 192, 7) (3293, 192, 7)
mse:0.22634807229042053, mae:0.32127705216407776
